C51 COMPILER V9.01   COMMON                                                                03/18/2020 17:36:28 PAGE 1   


C51 COMPILER V9.01, COMPILATION OF MODULE COMMON
OBJECT MODULE PLACED IN ..\output\common.obj
COMPILER INVOKED BY: D:\C406\keil\C51\BIN\C51.EXE ..\src\common.c BROWSE DEBUG OBJECTEXTEND PRINT(.\common.lst) OBJECT(.
                    -.\output\common.obj)

line level    source

   1          #include "common.h"
   2          
   3          void Delay500us()               //@11.0592MHz
   4          {
   5   1              unsigned char i, j;
   6   1      
   7   1              _nop_();
   8   1              _nop_();
   9   1              i = 6;
  10   1              j = 93;
  11   1              do
  12   1              {
  13   2                      while (--j);
  14   2              } while (--i);
  15   1      }
  16          


MODULE INFORMATION:   STATIC OVERLAYABLE
   CODE SIZE        =     11    ----
   CONSTANT SIZE    =   ----    ----
   XDATA SIZE       =   ----    ----
   PDATA SIZE       =   ----    ----
   DATA SIZE        =   ----    ----
   IDATA SIZE       =   ----    ----
   BIT SIZE         =   ----    ----
END OF MODULE INFORMATION.


C51 COMPILATION COMPLETE.  0 WARNING(S),  0 ERROR(S)
