C51 COMPILER V9.01   DS1302                                                                03/18/2020 17:36:27 PAGE 1   


C51 COMPILER V9.01, COMPILATION OF MODULE DS1302
OBJECT MODULE PLACED IN ..\output\ds1302.obj
COMPILER INVOKED BY: D:\C406\keil\C51\BIN\C51.EXE ..\src\ds1302.c BROWSE DEBUG OBJECTEXTEND PRINT(.\ds1302.lst) OBJECT(.
                    -.\output\ds1302.obj)

line level    source

   1          #include "ds1302.h"
   2          
   3          sbit SCK=P1^7;          
   4          sbit SDA=P2^3;          
   5          sbit RST = P1^3;   // DS1302¸´Î»                                                                                                
   6          
   7          u8 BCD_DEC(bit flag, u8 dat){
   8   1              u8 a,b,i;
   9   1              if(flag){
  10   2                      a = dat/10;
  11   2                      b = dat%10;
  12   2                      i = (a<<4)|b;
  13   2              }else{
  14   2                      a = dat/16;
  15   2                      b = dat%16;
  16   2                      i = a*10+b;
  17   2              }       
  18   1              return i;
  19   1      }
  20          
  21          void Write_Ds1302(unsigned  char temp) 
  22          {
  23   1              unsigned char i;
  24   1              for (i=0;i<8;i++)       
  25   1              { 
  26   2                      SCK=0;
  27   2                      SDA=temp&0x01;
  28   2                      temp>>=1; 
  29   2                      SCK=1;
  30   2              }
  31   1      }   
  32          
  33          void Write_Ds1302_Byte( unsigned char address,unsigned char dat )     
  34          {
  35   1              RST=0;  _nop_();
  36   1              SCK=0;  _nop_();
  37   1              RST=1;  _nop_();
  38   1              Write_Ds1302(address);  
  39   1              Write_Ds1302(dat);              
  40   1              RST=0; 
  41   1      }
  42          
  43          unsigned char Read_Ds1302_Byte ( unsigned char address )
  44          {
  45   1              unsigned char i,temp=0x00;
  46   1              RST=0;  _nop_();
  47   1              SCK=0;  _nop_();
  48   1              RST=1;  _nop_();
  49   1              Write_Ds1302(address);
  50   1              for (i=0;i<8;i++)       
  51   1              {               
  52   2                      SCK=0;
  53   2                      temp>>=1;       
  54   2                      if(SDA)
C51 COMPILER V9.01   DS1302                                                                03/18/2020 17:36:27 PAGE 2   

  55   2                      temp|=0x80;     
  56   2                      SCK=1;
  57   2              } 
  58   1              RST=0;  _nop_();
  59   1              SCK=0;  _nop_();
  60   1              SCK=1;  _nop_();
  61   1              SDA=0;  _nop_();
  62   1              SDA=1;  _nop_();
  63   1              return (temp);                  
  64   1      }
  65          
  66          void ds1302_init(){
  67   1              Write_Ds1302_Byte(0x8e,0x00);
  68   1              Write_Ds1302_Byte(0x84,0x23);
  69   1              Write_Ds1302_Byte(0x82,0x59);
  70   1              Write_Ds1302_Byte(0x80,0x55);
  71   1              Write_Ds1302_Byte(0x8e,0x80);
  72   1      }


MODULE INFORMATION:   STATIC OVERLAYABLE
   CODE SIZE        =    171    ----
   CONSTANT SIZE    =   ----    ----
   XDATA SIZE       =   ----    ----
   PDATA SIZE       =   ----    ----
   DATA SIZE        =   ----       1
   IDATA SIZE       =   ----    ----
   BIT SIZE         =   ----       1
END OF MODULE INFORMATION.


C51 COMPILATION COMPLETE.  0 WARNING(S),  0 ERROR(S)
