C51 COMPILER V9.01   SMG                                                                   03/18/2020 17:36:28 PAGE 1   


C51 COMPILER V9.01, COMPILATION OF MODULE SMG
OBJECT MODULE PLACED IN ..\output\smg.obj
COMPILER INVOKED BY: D:\C406\keil\C51\BIN\C51.EXE ..\src\smg.c BROWSE DEBUG OBJECTEXTEND PRINT(.\smg.lst) OBJECT(..\outp
                    -ut\smg.obj)

line level    source

   1          #include "smg.h"
   2          
   3          u8 code seg_code[] = {0xc0,0xf9,0xa4,0xb0,0x99,0x92,0x82,0xf8,0x80,0x90,0xbf,0xff,0xc6};
   4                  
   5          void dsp_single(u8 we, u8 du){
   6   1              P2 = (P2&0x1f)|0xe0;
   7   1              P0 = 0Xff;
   8   1              P2 = P2&0X1F;
   9   1      
  10   1              P2 = (0X1F&P2)|0Xc0;
  11   1              P0 = 0x01<<we;
  12   1              P2 &= 0X1F;
  13   1      
  14   1              P2 = (0X1F&P2)|0Xe0;
  15   1              P0 = seg_code[du];
  16   1              P2 &= 0X1F;
  17   1      }
  18          
  19          void time_dsp(){
  20   1              static u8 i;
  21   1              u8 temp[8] = 0;
  22   1              if(station_adj == 0){
  23   2                      temp[0] = h/10;
  24   2                      temp[1] = h%10;
  25   2                      temp[2] = 10;
  26   2                      temp[3] = m/10;
  27   2                      temp[4] = m%10;
  28   2                      temp[5] = 10;
  29   2                      temp[6] = s/10;
  30   2                      temp[7] = s%10;
  31   2              }
  32   1              else if(station_adj==1){
  33   2                      if(blink_flag){
  34   3                              temp[0] = h/10;
  35   3                              temp[1] = h%10;
  36   3                      }else{
  37   3                              temp[0] = 11;
  38   3                              temp[1] = 11;                   
  39   3                      }
  40   2                      temp[2] = 10;
  41   2                      temp[3] = m/10;
  42   2                      temp[4] = m%10;
  43   2                      temp[5] = 10;
  44   2                      temp[6] = s/10;
  45   2                      temp[7] = s%10;                         
  46   2              }
  47   1              else if(station_adj==2){
  48   2                      temp[0] = h/10;
  49   2                      temp[1] = h%10;
  50   2                      temp[2] = 10;
  51   2                      if(blink_flag){
  52   3                              temp[3] = m/10;
  53   3                              temp[4] = m%10;
  54   3                      }else{
C51 COMPILER V9.01   SMG                                                                   03/18/2020 17:36:28 PAGE 2   

  55   3                              temp[3] = 11;
  56   3                              temp[4] = 11;
  57   3                      }
  58   2                      temp[5] = 10;
  59   2                      temp[6] = s/10;
  60   2                      temp[7] = s%10;                         
  61   2              }
  62   1              else if(station_adj==3){
  63   2                      temp[0] = h/10;
  64   2                      temp[1] = h%10;
  65   2                      temp[2] = 10;
  66   2                      temp[3] = m/10;
  67   2                      temp[4] = m%10;
  68   2                      temp[5] = 10;
  69   2                      if(blink_flag){
  70   3                              temp[6] = s/10;
  71   3                              temp[7] = s%10;
  72   3                      }else{
  73   3                              temp[6] = 11;
  74   3                              temp[7] = 11;           
  75   3                      }                               
  76   2              }
  77   1              dsp_single(i, temp[i]);
  78   1              i>=7?i=0:i++;
  79   1      }
  80          
  81          
  82          void time_dsp1(){
  83   1              static u8 i;
  84   1              u8 temp[8] = 0;
  85   1              if(station_adj == 0){
  86   2                      temp[0] = ch/10;
  87   2                      temp[1] = ch%10;
  88   2                      temp[2] = 10;
  89   2                      temp[3] = cm/10;
  90   2                      temp[4] = cm%10;
  91   2                      temp[5] = 10;
  92   2                      temp[6] = cs/10;
  93   2                      temp[7] = cs%10;
  94   2              }
  95   1              else if(station_adj==1){
  96   2                      if(blink_flag){
  97   3                              temp[0] = ch/10;
  98   3                              temp[1] = ch%10;
  99   3                      }else{
 100   3                              temp[0] = 11;
 101   3                              temp[1] = 11;                   
 102   3                      }
 103   2                      temp[2] = 10;
 104   2                      temp[3] = cm/10;
 105   2                      temp[4] = cm%10;
 106   2                      temp[5] = 10;
 107   2                      temp[6] = cs/10;
 108   2                      temp[7] = cs%10;                                
 109   2              }
 110   1              else if(station_adj==2){
 111   2                      temp[0] = ch/10;
 112   2                      temp[1] = ch%10;
 113   2                      temp[2] = 10;
 114   2                      if(blink_flag){
 115   3                              temp[3] = cm/10;
 116   3                              temp[4] = cm%10;
C51 COMPILER V9.01   SMG                                                                   03/18/2020 17:36:28 PAGE 3   

 117   3                      }else{
 118   3                              temp[3] = 11;
 119   3                              temp[4] = 11;
 120   3                      }
 121   2                      temp[5] = 10;
 122   2                      temp[6] = cs/10;
 123   2                      temp[7] = cs%10;                                
 124   2              }
 125   1              else if(station_adj==3){
 126   2                      temp[0] = ch/10;
 127   2                      temp[1] = ch%10;
 128   2                      temp[2] = 10;
 129   2                      temp[3] = cm/10;
 130   2                      temp[4] = cm%10;
 131   2                      temp[5] = 10;
 132   2                      if(blink_flag){
 133   3                              temp[6] = cs/10;
 134   3                              temp[7] = cs%10;
 135   3                      }else{
 136   3                              temp[6] = 11;
 137   3                              temp[7] = 11;           
 138   3                      }                               
 139   2              }
 140   1              dsp_single(i, temp[i]);
 141   1              i>=7?i=0:i++;
 142   1      }
 143          
 144          void dsp_smg3(){
 145   1              static u8 i;
 146   1              u8 temp[8] = 0;
 147   1      
 148   1              temp[0] = 11;
 149   1              temp[1] = 11;
 150   1              temp[2] = 11;
 151   1              temp[3] = 11;
 152   1              temp[4] = 11;
 153   1              temp[5] = 2;
 154   1              temp[6] = 1;
 155   1              temp[7] = 12;           //c
 156   1      
 157   1      
 158   1              dsp_single(i, temp[i]);
 159   1              i>=7?i=0:i++;
 160   1      }


MODULE INFORMATION:   STATIC OVERLAYABLE
   CODE SIZE        =    773    ----
   CONSTANT SIZE    =     37    ----
   XDATA SIZE       =   ----    ----
   PDATA SIZE       =   ----    ----
   DATA SIZE        =      3      24
   IDATA SIZE       =   ----    ----
   BIT SIZE         =   ----    ----
END OF MODULE INFORMATION.


C51 COMPILATION COMPLETE.  0 WARNING(S),  0 ERROR(S)
